[7804:10824:0727/015200.987:INFO:components\enterprise\browser\controller\chrome_browser_cloud_management_controller.cc:202] No machine level policy manager exists.
[7804:10824:0727/015207.584:INFO:CONSOLE:700] "PAGE PROPS [object Object]", source: https://supplier.meesho.com/ (700)
[7804:10824:0727/015207.735:INFO:CONSOLE:700] "Instance ID null", source: https://supplier.meesho.com/ (700)
[7804:10824:0727/015207.747:INFO:CONSOLE:1] "[batch] MIXPANEL REQUEST: [object Object]", source: https://static.meeshosupply.com/supplier-new/meshlytics-v3.0.0.min.js (1)
[7804:10824:0727/015207.750:INFO:CONSOLE:1] "[batch] MIXPANEL REQUEST: [object Object]", source: https://static.meeshosupply.com/supplier-new/meshlytics-v3.0.0.min.js (1)
[7804:3208:0727/015209.260:ERROR:google_apis\gcm\engine\registration_request.cc:291] Registration response error message: DEPRECATED_ENDPOINT
[7804:10824:0727/015213.756:WARNING:content\browser\download\download_manager_impl.cc:702] A download with the same GUID already exists, the new request is ignored.
[7804:10824:0727/015216.562:INFO:CONSOLE:0] "The resource https://supplier.meesho.com/css/normalize.css was preloaded using link preload in Early Hints but not used within a few seconds from the window's load event.", source: https://supplier.meesho.com/ (0)
[7804:10824:0727/015216.562:INFO:CONSOLE:0] "The resource https://supplier.meesho.com/images/logo.svg was preloaded using link preload in Early Hints but not used within a few seconds from the window's load event.", source: https://supplier.meesho.com/ (0)
[7804:10824:0727/015220.696:INFO:CONSOLE:0] "The resource https://supplier.meesho.com/css/normalize.css was preloaded using link preload in Early Hints but not used within a few seconds from the window's load event.", source: https://supplier.meesho.com/ (0)
[7804:10824:0727/015220.696:INFO:CONSOLE:0] "The resource https://supplier.meesho.com/images/logo.svg was preloaded using link preload in Early Hints but not used within a few seconds from the window's load event.", source: https://supplier.meesho.com/ (0)
[7804:3208:0727/015232.552:ERROR:google_apis\gcm\engine\registration_request.cc:291] Registration response error message: DEPRECATED_ENDPOINT
[7804:10824:0727/015238.298:INFO:CONSOLE:0] "The resource https://supplier.meesho.com/css/normalize.css was preloaded using link preload in Early Hints but not used within a few seconds from the window's load event.", source: https://supplier.meesho.com/ (0)
[7804:10824:0727/015238.298:INFO:CONSOLE:0] "The resource https://supplier.meesho.com/images/logo.svg was preloaded using link preload in Early Hints but not used within a few seconds from the window's load event.", source: https://supplier.meesho.com/ (0)
[7804:3208:0727/015322.162:ERROR:google_apis\gcm\engine\registration_request.cc:291] Registration response error message: DEPRECATED_ENDPOINT
[7804:4064:0727/015331.066:INFO:rlz\lib\rlz_lib.cc:442] Attempting to send RLZ ping brand=MRUS
[7804:4064:0727/015332.558:INFO:rlz\lib\rlz_lib.cc:451] Succeeded in sending RLZ ping
[7804:10824:0727/015455.177:INFO:CONSOLE:0] "The resource https://supplier.meesho.com/css/normalize.css was preloaded using link preload in Early Hints but not used within a few seconds from the window's load event.", source: https://supplier.meesho.com/ (0)
[7804:10824:0727/015455.177:INFO:CONSOLE:0] "The resource https://supplier.meesho.com/images/logo.svg was preloaded using link preload in Early Hints but not used within a few seconds from the window's load event.", source: https://supplier.meesho.com/ (0)
[7804:3208:0727/015459.684:ERROR:google_apis\gcm\engine\registration_request.cc:291] Registration response error message: DEPRECATED_ENDPOINT
[7804:3208:0727/015849.795:ERROR:google_apis\gcm\engine\registration_request.cc:291] Registration response error message: DEPRECATED_ENDPOINT
